scripts/kconfig/conf --silentoldconfig Kconfig
  CHK     include/linux/version.h
  CHK     include/generated/utsrelease.h
make[1]: Nothing to be done for 'arch/arm/boot/dtbs'.
make[1]: 'include/generated/mach-types.h' is up to date.
  CALL    scripts/checksyscalls.sh
  CHK     include/generated/compile.h
  UPD     include/generated/compile.h
  CC      init/version.o
  LD      init/built-in.o
  GZIP    kernel/config_data.gz
  CHK     kernel/config_data.h
  CC      net/unix/af_unix.o
  CC      net/unix/garbage.o
  CC      net/xfrm/xfrm_policy.o
  LD      net/netfilter/netfilter.o
  CC      net/wireless/core.o
  CC      net/wireless/sysfs.o
  CC      net/netfilter/xt_esp.o
  CC      net/ipv4/tcp_illinois.o
  LD      drivers/media/media.o
  CC      net/sysctl_net.o
  CC      net/netfilter/xt_hashlimit.o
  CC      net/ipv4/xfrm4_policy.o
  CC      net/ipv4/xfrm4_state.o
  CC      net/wireless/radiotap.o
  LD      drivers/media/video/videodev.o
  CC      net/wireless/util.o
  CC      drivers/media/video/uvc/uvc_driver.o
  CC      net/unix/sysctl_net_unix.o
  CC      net/ipv4/xfrm4_input.o
  CC      net/activity_stats.o
  CC      net/wireless/reg.o
  CC      net/netfilter/xt_helper.o
  CC      net/netfilter/xt_hl.o
  CC      net/xfrm/xfrm_state.o
  LD      net/unix/unix.o
  CC      net/ipv4/xfrm4_output.o
  LD      net/unix/built-in.o
  CC      net/xfrm/xfrm_hash.o
  CC      net/xfrm/xfrm_input.o
  CC      net/xfrm/xfrm_output.o
  CC      net/wireless/scan.o
  CC      drivers/media/video/uvc/uvc_v4l2.o
  CC      net/netfilter/xt_iprange.o
  LD      net/ipv4/built-in.o
  CC      net/wireless/nl80211.o
  CC      net/xfrm/xfrm_algo.o
  CC      net/xfrm/xfrm_sysctl.o
  CC      net/xfrm/xfrm_replay.o
  CC      net/netfilter/xt_length.o
  CC      drivers/media/video/uvc/uvc_video.o
  CC      drivers/media/video/uvc/uvc_ctrl.o
  CC      net/xfrm/xfrm_user.o
  CC      net/xfrm/xfrm_ipcomp.o
  CC      net/wireless/mlme.o
  CC      net/wireless/ibss.o
  CC      net/netfilter/xt_limit.o
  CC      drivers/media/video/uvc/uvc_status.o
  CC      drivers/media/video/uvc/uvc_isight.o
  CC      net/netfilter/xt_mac.o
  CC      drivers/media/video/uvc/uvc_debugfs.o
  CC      net/wireless/sme.o
  CC      drivers/media/video/ir-kbd-i2c.o
  CC      drivers/media/video/uvc/uvc_entity.o
  CC      net/netfilter/xt_multiport.o
  CC      net/wireless/chan.o
  CC      net/netfilter/xt_pkttype.o
  LD      drivers/media/video/uvc/uvcvideo.o
  LD      net/xfrm/built-in.o
  LD      drivers/media/video/uvc/built-in.o
  CC      net/netfilter/xt_policy.o
  CC      net/wireless/ethtool.o
  LD      drivers/media/video/built-in.o
  LD      drivers/media/built-in.o
  CC      net/netfilter/xt_qtaguid_print.o
  CC      net/netfilter/xt_qtaguid.o
  CC      net/wireless/mesh.o
  CC      drivers/platform/msm/qpnp-pwm.o
  LD      drivers/power/power_supply.o
  CC      drivers/power/qpnp-charger.o
  CC      net/wireless/wext-compat.o
  CC      drivers/power/battery_current_limit.o
  CC      net/netfilter/xt_quota.o
  CC      net/wireless/wext-sme.o
  CC      net/wireless/wext-core.o
  CC      drivers/platform/msm/qpnp-power-on.o
  CC      drivers/platform/msm/qpnp-vibrator.o
  CC      net/wireless/wext-proc.o
  CC      net/netfilter/xt_quota2.o
  CC      net/netfilter/xt_socket.o
  CC      net/netfilter/xt_state.o
  CC      drivers/platform/msm/avtimer.o
  CC      drivers/platform/msm/qpnp-revid.o
  CC      net/wireless/wext-spy.o
  CC      net/netfilter/xt_statistic.o
  CC      drivers/regulator/core.o
  CC      drivers/rtc/rtc-lib.o
  CC      drivers/regulator/dummy.o
  LD      drivers/platform/msm/built-in.o
  LD      drivers/platform/built-in.o
  CC      net/wireless/wext-priv.o
  CC      net/netfilter/xt_string.o
  CC      drivers/rtc/hctosys.o
  CC      net/netfilter/xt_time.o
  CC      net/wireless/regdb.o
  CC      net/netfilter/xt_u32.o
  CC      drivers/rtc/class.o
  CC      drivers/rtc/interface.o
  CC      drivers/regulator/fixed-helper.o
  LD      drivers/power/built-in.o
  CC      drivers/rtc/rtc-dev.o
  CC      drivers/rtc/rtc-proc.o
  CC      drivers/rtc/rtc-sysfs.o
  LD      net/netfilter/built-in.o
  LD      net/wireless/cfg80211.o
  LD      net/wireless/built-in.o
  CC      drivers/regulator/of_regulator.o
  LD      net/built-in.o
  CC      drivers/regulator/fixed.o
  CC      drivers/scsi/scsi.o
  CC      drivers/scsi/hosts.o
  CC      drivers/scsi/scsi_ioctl.o
  CC      drivers/rtc/qpnp-rtc.o
  CC      drivers/scsi/constants.o
  CC      drivers/regulator/stub-regulator.o
  LD      drivers/rtc/rtc-core.o
  CC      drivers/regulator/qpnp-regulator.o
  CC      drivers/slimbus/slimbus.o
  CC      drivers/scsi/scsicam.o
  LD      drivers/rtc/built-in.o
  CC      drivers/slimbus/slim-msm.o
  CC      drivers/scsi/scsi_error.o
  CC      drivers/spi/spi.o
  CC      drivers/slimbus/slim-msm-ngd.o
  CC      drivers/scsi/scsi_lib.o
  CC      drivers/scsi/scsi_lib_dma.o
  LD      drivers/regulator/built-in.o
  CC      drivers/spmi/spmi.o
  CC      drivers/spi/spidev.o
  CC      drivers/spmi/spmi-resources.o
  CC      drivers/scsi/scsi_scan.o
  CC      drivers/spmi/spmi-pmic-arb.o
  CC      drivers/spmi/qpnp-int.o
  CC      drivers/spmi/spmi-dbgfs.o
  CC      drivers/spi/spi_qsd.o
  CC      drivers/staging/staging.o
  LD      drivers/slimbus/built-in.o
  CC      drivers/staging/android/binder.o
  LD      drivers/staging/media/built-in.o
  CC      drivers/switch/switch_class.o
  CC      drivers/staging/android/ashmem.o
  CC      drivers/thermal/thermal_sys.o
  LD      drivers/spmi/built-in.o
  CC      drivers/staging/prima/CORE/BAP/src/bapApiData.o
  CC      drivers/staging/prima/CORE/BAP/src/bapApiDebug.o
  LD      drivers/switch/built-in.o
  CC      drivers/staging/prima/CORE/BAP/src/bapApiExt.o
  CC      drivers/scsi/scsi_sysfs.o
  CC      drivers/staging/android/logger.o
  CC      drivers/staging/prima/CORE/BAP/src/bapApiInfo.o
  CC      drivers/staging/android/logger_interface.o
  CC      drivers/staging/prima/CORE/BAP/src/bapApiHCBB.o
  CC      drivers/tty/tty_io.o
  CC      drivers/thermal/intelli/msm_thermal.o
  CC      drivers/scsi/scsi_devinfo.o
  CC      drivers/staging/android/persistent_ram.o
  CC      drivers/thermal/msm8974-tsens.o
  CC      drivers/staging/android/ram_console.o
  CC      drivers/staging/prima/CORE/BAP/src/bapApiLinkCntl.o
  CC      drivers/scsi/scsi_sysctl.o
  CC      drivers/scsi/scsi_proc.o
  CC      drivers/staging/android/timed_output.o
  CC      drivers/scsi/scsi_trace.o
  LD      drivers/spi/built-in.o
  CC      drivers/scsi/scsi_pm.o
  CC      drivers/staging/android/timed_gpio.o
  CC      drivers/staging/android/lowmemorykiller.o
  CC      drivers/thermal/qpnp-temp-alarm.o
  CC      drivers/uio/uio.o
  CC      drivers/uio/msm_sharedmem.o
  CC      drivers/staging/prima/CORE/BAP/src/bapApiLinkSupervision.o
  CC      drivers/tty/n_tty.o
  CC      drivers/thermal/qpnp-adc-tm.o
  CC      drivers/scsi/scsi_tgt_lib.o
  CC      drivers/staging/android/alarm-dev.o
  CC      drivers/scsi/scsi_tgt_if.o
  CC      drivers/scsi/sd.o
  LD      drivers/uio/built-in.o
  CC      drivers/staging/prima/CORE/BAP/src/bapApiStatus.o
  CC      drivers/usb/class/cdc-acm.o
  LD      drivers/scsi/arm/built-in.o
  CC      drivers/scsi/sg.o
  LD      drivers/staging/android/built-in.o
  LD      drivers/staging/serial/built-in.o
  CC      drivers/staging/zram/zram_drv.o
  LD      drivers/thermal/built-in.o
  CC      drivers/video/fb_notify.o
  CC      drivers/tty/tty_ioctl.o
  CC      drivers/scsi/ch.o
  CC      drivers/staging/prima/CORE/BAP/src/bapApiTimer.o
  CC      drivers/video/fbmem.o
  LD      drivers/staging/zram/zram.o
  LD      drivers/staging/zram/built-in.o
  CC      drivers/staging/zsmalloc/zsmalloc-main.o
  CC      drivers/usb/class/ccid_bridge.o
  CC      drivers/tty/tty_ldisc.o
  CC      drivers/staging/prima/CORE/BAP/src/bapModule.o
  CC      drivers/video/fbmon.o
  CC      drivers/tty/tty_buffer.o
  LD      drivers/staging/zsmalloc/zsmalloc.o
  LD      drivers/scsi/scsi_mod.o
  LD      drivers/staging/zsmalloc/built-in.o
  LD      drivers/scsi/scsi_tgt.o
  LD      drivers/scsi/sd_mod.o
  CC      drivers/tty/tty_port.o
  LD      drivers/scsi/built-in.o
  CC      drivers/video/fbcmap.o
  CC      drivers/usb/core/usb.o
  CC      drivers/usb/core/hub.o
  CC      drivers/usb/core/hcd.o
  LD      drivers/usb/class/built-in.o
  CC      drivers/usb/core/urb.o
  CC      drivers/staging/prima/CORE/BAP/src/bapRsn8021xAuthFsm.o
  CC      drivers/tty/tty_mutex.o
  CC      drivers/tty/pty.o
  CC      drivers/video/fbsysfs.o
  CC      drivers/usb/core/message.o
  CC      drivers/tty/tty_audit.o
  CC      drivers/staging/prima/CORE/BAP/src/bapRsn8021xPrf.o
  CC      drivers/tty/sysrq.o
  CC      drivers/staging/prima/CORE/BAP/src/bapRsn8021xSuppRsnFsm.o
  CC      drivers/video/modedb.o
  CC      drivers/staging/prima/CORE/BAP/src/bapRsnAsfPacket.o
  CC      drivers/staging/prima/CORE/BAP/src/bapRsnSsmAesKeyWrap.o
  CC      drivers/usb/core/driver.o
  CC      drivers/video/fbcvt.o
  LD      drivers/tty/ipwireless/built-in.o
  CC      drivers/tty/serial/serial_core.o
  CC      drivers/usb/core/config.o
  CC      drivers/staging/prima/CORE/BAP/src/bapRsnSsmEapol.o
  CC      drivers/tty/serial/msm_serial_hs_lite.o
  CC      drivers/usb/gadget/udc-core.o
  CC      drivers/video/backlight/backlight.o
  CC      drivers/usb/gadget/ci13xxx_msm.o
  CC      drivers/video/console/dummycon.o
  CC      drivers/video/msm/mdss/mdss_dsi.o
  CC      drivers/staging/prima/CORE/BAP/src/bapRsnSsmReplayCtr.o
  CC      drivers/usb/core/file.o
  LD      drivers/video/console/built-in.o
  CC      drivers/usb/core/buffer.o
  LD      drivers/video/backlight/built-in.o
  LD      drivers/video/omap2/displays/built-in.o
  LD      drivers/video/omap2/built-in.o
  CC      drivers/usb/gadget/android.o
  LD      drivers/tty/serial/built-in.o
  CC      drivers/video/cfbfillrect.o
  CC      drivers/staging/prima/CORE/BAP/src/bapRsnTxRx.o
  CC      drivers/video/msm/mdss/mdss_dsi_host.o
  CC      drivers/tty/vt/vt_ioctl.o
  CC      drivers/usb/core/sysfs.o
  CC      drivers/usb/host/ehci-hcd.o
  CC      drivers/usb/misc/ehset.o
  CC      drivers/video/cfbcopyarea.o
  CC      drivers/usb/core/endpoint.o
  LD      drivers/usb/misc/built-in.o
  CC      drivers/video/msm/mdss/mdss_dsi_cmd.o
  CC      drivers/staging/prima/CORE/BAP/src/btampFsm.o
  CC      drivers/tty/vt/vc_screen.o
  CC      drivers/usb/core/devio.o
  CC      drivers/video/msm/mdss/mdss_dsi_status.o
  CC      drivers/usb/mon/mon_main.o
  CC      drivers/video/msm/mdss/mdss_dsi_panel.o
  CC      drivers/video/msm/mdss/msm_mdss_io_8974.o
  CC      drivers/tty/vt/selection.o
  CC      drivers/usb/mon/mon_stat.o
  CC      drivers/staging/prima/CORE/BAP/src/btampHCI.o
  CC      drivers/usb/mon/mon_text.o
  CC      drivers/tty/vt/keyboard.o
  CC      drivers/tty/vt/consolemap.o
  CC      drivers/usb/core/notify.o
  CC      drivers/video/msm/mdss/mdss_mdp.o
  CC      drivers/usb/mon/mon_bin.o
  CC      drivers/usb/core/generic.o
  CONMK   drivers/tty/vt/consolemap_deftbl.c
  CC      drivers/tty/vt/vt.o
  CC      drivers/usb/core/quirks.o
  SHIPPED drivers/tty/vt/defkeymap.c
  CC      drivers/usb/core/devices.o
  CC      drivers/tty/vt/consolemap_deftbl.o
  LD      drivers/usb/mon/usbmon.o
  LD      drivers/usb/mon/built-in.o
  CC      drivers/usb/otg/otg.o
  CC      drivers/tty/vt/defkeymap.o
  CC      drivers/usb/serial/usb-serial.o
  CC      drivers/usb/otg/msm_otg.o
  LD      drivers/usb/core/usbcore.o
  LD      drivers/usb/core/built-in.o
  CC      drivers/usb/serial/generic.o
  CC      drivers/staging/prima/CORE/DXE/src/wlan_qct_dxe.o
  CC      drivers/usb/serial/bus.o
  CC      drivers/video/msm/mdss/mdss_mdp_ctl.o
  CC      drivers/usb/serial/csvt.o
  LD      drivers/usb/host/built-in.o
  CC      drivers/staging/prima/CORE/DXE/src/wlan_qct_dxe_cfg_i.o
  LD      drivers/tty/vt/built-in.o
  LD      drivers/tty/built-in.o
  CC      drivers/staging/prima/CORE/HDD/src/bap_hdd_main.o
  CC      drivers/staging/prima/CORE/HDD/src/wlan_hdd_assoc.o
  CC      drivers/staging/prima/CORE/HDD/src/wlan_hdd_cfg.o
  CC      drivers/staging/prima/CORE/HDD/src/wlan_hdd_debugfs.o
  LD      drivers/usb/serial/usbserial.o
  LD      drivers/usb/serial/built-in.o
  CC      drivers/video/msm/mdss/mdss_mdp_pipe.o
  CC      drivers/staging/prima/CORE/HDD/src/wlan_hdd_dev_pwr.o
  LD      drivers/usb/otg/built-in.o
  CC      drivers/usb/storage/alauda.o
  CC      drivers/staging/prima/CORE/HDD/src/wlan_hdd_dp_utils.o
  CC      drivers/video/msm/mdss/mdss_mdp_util.o
  CC      drivers/video/msm/mdss/dsi_status_6g.o
  CC      drivers/staging/prima/CORE/HDD/src/wlan_hdd_early_suspend.o
  CC      drivers/staging/prima/CORE/HDD/src/wlan_hdd_ftm.o
  CC      drivers/staging/prima/CORE/HDD/src/wlan_hdd_hostapd.o
  CC      drivers/video/msm/mdss/mdss_mdp_pp.o
  CC      drivers/video/msm/mdss/mdss_mdp_intf_video.o
  CC      drivers/usb/storage/cypress_atacb.o
  CC      drivers/usb/storage/datafab.o
  CC      drivers/usb/storage/freecom.o
  CC      drivers/usb/storage/isd200.o
  CC      drivers/video/msm/mdss/mdss_mdp_intf_cmd.o
  CC      drivers/staging/prima/CORE/HDD/src/wlan_hdd_main.o
  CC      drivers/usb/storage/jumpshot.o
  CC      drivers/video/cfbimgblt.o
  CC      drivers/staging/prima/CORE/HDD/src/wlan_hdd_mib.o
  CC      drivers/video/msm/mdss/mdss_mdp_intf_writeback.o
  CC      drivers/usb/storage/karma.o
  CC      drivers/usb/storage/onetouch.o
  LD      drivers/video/fb.o
  CC      drivers/staging/prima/CORE/HDD/src/wlan_hdd_oemdata.o
  CC      drivers/usb/storage/sddr09.o
  CC      drivers/usb/storage/sddr55.o
  CC      drivers/usb/storage/shuttle_usbat.o
  CC      drivers/usb/usb-common.o
  CC      drivers/usb/storage/scsiglue.o
  CC      drivers/video/msm/mdss/mdss_mdp_rotator.o
  CC      drivers/staging/prima/CORE/HDD/src/wlan_hdd_scan.o
  CC      drivers/usb/storage/protocol.o
  CC      drivers/usb/storage/transport.o
  CC      drivers/usb/storage/usb.o
  CC      drivers/usb/storage/initializers.o
  CC      drivers/video/msm/mdss/mdss_mdp_overlay.o
  CC      drivers/usb/storage/sierra_ms.o
  CC      drivers/usb/storage/option_ms.o
  CC      drivers/usb/storage/usual-tables.o
  CC      drivers/video/msm/mdss/mdss_mdp_splash_logo.o
  CC      drivers/staging/prima/CORE/HDD/src/wlan_hdd_softap_tx_rx.o
  CC      drivers/staging/prima/CORE/HDD/src/wlan_hdd_tx_rx.o
  CC      drivers/video/msm/mdss/mdss_mdp_wb.o
  LD      drivers/usb/storage/usb-storage.o
  LD      drivers/usb/storage/ums-alauda.o
  LD      drivers/usb/storage/ums-cypress.o
  LD      drivers/usb/storage/ums-datafab.o
  LD      drivers/usb/storage/ums-freecom.o
  LD      drivers/usb/storage/ums-isd200.o
  LD      drivers/usb/storage/ums-jumpshot.o
  LD      drivers/usb/storage/ums-karma.o
  LD      drivers/usb/storage/ums-onetouch.o
  LD      drivers/usb/storage/ums-sddr09.o
  LD      drivers/usb/storage/ums-sddr55.o
  LD      drivers/usb/storage/ums-usbat.o
  LD      drivers/usb/storage/built-in.o
  CC      drivers/staging/prima/CORE/HDD/src/wlan_hdd_trace.o
  CC      drivers/video/msm/mdss/mdss_debug.o
  CC      drivers/staging/prima/CORE/HDD/src/wlan_hdd_wext.o
  CC      drivers/video/msm/mdss/mdss_debug_xlog.o
  CC      drivers/staging/prima/CORE/HDD/src/wlan_hdd_wmm.o
  CC      drivers/staging/prima/CORE/HDD/src/wlan_hdd_wowl.o
  CC      drivers/video/msm/mdss/mdss_edp.o
  CC      drivers/video/msm/mdss/mdss_edp_aux.o
  CC      drivers/staging/prima/CORE/HDD/src/wlan_hdd_cfg80211.o
  CC      drivers/staging/prima/CORE/HDD/src/wlan_hdd_p2p.o
  CC      drivers/video/msm/mdss/mdss_io_util.o
  CC      drivers/video/msm/mdss/mdss_wb.o
  CC      drivers/staging/prima/CORE/HDD/src/wlan_hdd_tdls.o
  CC      drivers/video/msm/mdss/mdss_fb.o
  CC      drivers/staging/prima/CORE/MAC/src/cfg/cfgApi.o
  CC      drivers/video/msm/mdss/lcd_notify.o
  LD      drivers/video/msm/mdss/mdss-mdp.o
  LD      drivers/video/msm/mdss/mdss-dsi.o
  CC      drivers/staging/prima/CORE/MAC/src/cfg/cfgDebug.o
  CC      drivers/staging/prima/CORE/MAC/src/cfg/cfgParamName.o
  CC      drivers/staging/prima/CORE/MAC/src/cfg/cfgProcMsg.o
  CC      drivers/staging/prima/CORE/MAC/src/cfg/cfgSendMsg.o
  CC      drivers/staging/prima/CORE/MAC/src/dph/dphHashTable.o
  CC      drivers/staging/prima/CORE/MAC/src/pe/lim/limAIDmgmt.o
  LD      drivers/video/msm/mdss/built-in.o
  CC      drivers/staging/prima/CORE/MAC/src/pe/lim/limAdmitControl.o
  CC      drivers/staging/prima/CORE/MAC/src/pe/lim/limApi.o
  LD      drivers/video/msm/built-in.o
  LD      drivers/video/built-in.o
  LD      drivers/usb/gadget/g_android.o
  LD      drivers/usb/gadget/built-in.o
  CC      drivers/staging/prima/CORE/MAC/src/pe/lim/limAssocUtils.o
  LD      drivers/usb/built-in.o
  CC      drivers/staging/prima/CORE/MAC/src/pe/lim/limDebug.o
  CC      drivers/staging/prima/CORE/MAC/src/pe/lim/limFT.o
  CC      drivers/staging/prima/CORE/MAC/src/pe/lim/limIbssPeerMgmt.o
  CC      drivers/staging/prima/CORE/MAC/src/pe/lim/limLinkMonitoringAlgo.o
  CC      drivers/staging/prima/CORE/MAC/src/pe/lim/limLogDump.o
  CC      drivers/staging/prima/CORE/MAC/src/pe/lim/limP2P.o
  CC      drivers/staging/prima/CORE/MAC/src/pe/lim/limProcessActionFrame.o
  CC      drivers/staging/prima/CORE/MAC/src/pe/lim/limProcessAssocReqFrame.o
  CC      drivers/staging/prima/CORE/MAC/src/pe/lim/limProcessAssocRspFrame.o
  CC      drivers/staging/prima/CORE/MAC/src/pe/lim/limProcessAuthFrame.o
  CC      drivers/staging/prima/CORE/MAC/src/pe/lim/limProcessBeaconFrame.o
  CC      drivers/staging/prima/CORE/MAC/src/pe/lim/limProcessCfgUpdates.o
  CC      drivers/staging/prima/CORE/MAC/src/pe/lim/limProcessDeauthFrame.o
  CC      drivers/staging/prima/CORE/MAC/src/pe/lim/limProcessDisassocFrame.o
  CC      drivers/staging/prima/CORE/MAC/src/pe/lim/limProcessLmmMessages.o
  CC      drivers/staging/prima/CORE/MAC/src/pe/lim/limProcessMessageQueue.o
  CC      drivers/staging/prima/CORE/MAC/src/pe/lim/limProcessMlmReqMessages.o
  CC      drivers/staging/prima/CORE/MAC/src/pe/lim/limProcessMlmRspMessages.o
  CC      drivers/staging/prima/CORE/MAC/src/pe/lim/limProcessProbeReqFrame.o
  CC      drivers/staging/prima/CORE/MAC/src/pe/lim/limProcessProbeRspFrame.o
  CC      drivers/staging/prima/CORE/MAC/src/pe/lim/limProcessSmeReqMessages.o
  CC      drivers/staging/prima/CORE/MAC/src/pe/lim/limPropExtsUtils.o
  CC      drivers/staging/prima/CORE/MAC/src/pe/lim/limRoamingAlgo.o
  CC      drivers/staging/prima/CORE/MAC/src/pe/lim/limScanResultUtils.o
  CC      drivers/staging/prima/CORE/MAC/src/pe/lim/limSecurityUtils.o
  CC      drivers/staging/prima/CORE/MAC/src/pe/lim/limSendManagementFrames.o
  CC      drivers/staging/prima/CORE/MAC/src/pe/lim/limSendMessages.o
  CC      drivers/staging/prima/CORE/MAC/src/pe/lim/limSendSmeRspMessages.o
  CC      drivers/staging/prima/CORE/MAC/src/pe/lim/limSerDesUtils.o
  CC      drivers/staging/prima/CORE/MAC/src/pe/lim/limSession.o
  CC      drivers/staging/prima/CORE/MAC/src/pe/lim/limSessionUtils.o
  CC      drivers/staging/prima/CORE/MAC/src/pe/lim/limSmeReqUtils.o
  CC      drivers/staging/prima/CORE/MAC/src/pe/lim/limStaHashApi.o
  CC      drivers/staging/prima/CORE/MAC/src/pe/lim/limTimerUtils.o
  CC      drivers/staging/prima/CORE/MAC/src/pe/lim/limTrace.o
  CC      drivers/staging/prima/CORE/MAC/src/pe/lim/limUtils.o
  CC      drivers/staging/prima/CORE/MAC/src/pe/lim/limProcessTdls.o
  CC      drivers/staging/prima/CORE/MAC/src/pe/pmm/pmmAP.o
  CC      drivers/staging/prima/CORE/MAC/src/pe/pmm/pmmApi.o
  CC      drivers/staging/prima/CORE/MAC/src/pe/pmm/pmmDebug.o
  CC      drivers/staging/prima/CORE/MAC/src/pe/sch/schApi.o
  CC      drivers/staging/prima/CORE/MAC/src/pe/sch/schBeaconGen.o
  CC      drivers/staging/prima/CORE/MAC/src/pe/sch/schBeaconProcess.o
  CC      drivers/staging/prima/CORE/MAC/src/pe/sch/schDebug.o
  CC      drivers/staging/prima/CORE/MAC/src/pe/sch/schMessage.o
  CC      drivers/staging/prima/CORE/MAC/src/pe/rrm/rrmApi.o
  CC      drivers/staging/prima/CORE/SAP/src/sapApiLinkCntl.o
  CC      drivers/staging/prima/CORE/SAP/src/sapChSelect.o
  CC      drivers/staging/prima/CORE/SAP/src/sapFsm.o
  CC      drivers/staging/prima/CORE/SAP/src/sapModule.o
  CC      drivers/staging/prima/CORE/SME/src/btc/btcApi.o
  CC      drivers/staging/prima/CORE/SME/src/ccm/ccmApi.o
  CC      drivers/staging/prima/CORE/SME/src/ccm/ccmLogDump.o
  CC      drivers/staging/prima/CORE/SME/src/sme_common/sme_Api.o
  CC      drivers/staging/prima/CORE/SME/src/sme_common/sme_FTApi.o
  CC      drivers/staging/prima/CORE/SME/src/sme_common/sme_Trace.o
  CC      drivers/staging/prima/CORE/SME/src/csr/csrApiRoam.o
  CC      drivers/staging/prima/CORE/SME/src/csr/csrApiScan.o
  CC      drivers/staging/prima/CORE/SME/src/csr/csrCmdProcess.o
  CC      drivers/staging/prima/CORE/SME/src/csr/csrLinkList.o
  CC      drivers/staging/prima/CORE/SME/src/csr/csrLogDump.o
  CC      drivers/staging/prima/CORE/SME/src/csr/csrNeighborRoam.o
  CC      drivers/staging/prima/CORE/SME/src/csr/csrUtil.o
  CC      drivers/staging/prima/CORE/SME/src/csr/csrTdlsProcess.o
  CC      drivers/staging/prima/CORE/SME/src/oemData/oemDataApi.o
  CC      drivers/staging/prima/CORE/SME/src/p2p/p2p_Api.o
  CC      drivers/staging/prima/CORE/SME/src/pmc/pmcApi.o
  CC      drivers/staging/prima/CORE/SME/src/pmc/pmc.o
  CC      drivers/staging/prima/CORE/SME/src/pmc/pmcLogDump.o
  CC      drivers/staging/prima/CORE/SME/src/QoS/sme_Qos.o
  CC      drivers/staging/prima/CORE/SME/src/rrm/sme_rrm.o
  CC      drivers/staging/prima/CORE/SME/src/nan/nan_Api.o
  CC      drivers/staging/prima/CORE/SVC/src/btc/wlan_btc_svc.o
  CC      drivers/staging/prima/CORE/SVC/src/nlink/wlan_nlink_srv.o
  CC      drivers/staging/prima/CORE/SVC/src/ptt/wlan_ptt_sock_svc.o
  CC      drivers/staging/prima/CORE/SVC/src/logging/wlan_logging_sock_svc.o
  CC      drivers/staging/prima/CORE/SYS/common/src/wlan_qct_sys.o
  CC      drivers/staging/prima/CORE/SYS/legacy/src/pal/src/palApiComm.o
  CC      drivers/staging/prima/CORE/SYS/legacy/src/pal/src/palTimer.o
  CC      drivers/staging/prima/CORE/SYS/legacy/src/platform/src/VossWrapper.o
  CC      drivers/staging/prima/CORE/SYS/legacy/src/system/src/macInitApi.o
  CC      drivers/staging/prima/CORE/SYS/legacy/src/system/src/sysEntryFunc.o
  CC      drivers/staging/prima/CORE/SYS/legacy/src/utils/src/dot11f.o
  CC      drivers/staging/prima/CORE/SYS/legacy/src/utils/src/logApi.o
  CC      drivers/staging/prima/CORE/SYS/legacy/src/utils/src/logDump.o
  CC      drivers/staging/prima/CORE/SYS/legacy/src/utils/src/macTrace.o
  CC      drivers/staging/prima/CORE/SYS/legacy/src/utils/src/parserApi.o
  CC      drivers/staging/prima/CORE/SYS/legacy/src/utils/src/utilsApi.o
  CC      drivers/staging/prima/CORE/SYS/legacy/src/utils/src/utilsParser.o
  CC      drivers/staging/prima/CORE/TL/src/wlan_qct_tl.o
  CC      drivers/staging/prima/CORE/TL/src/wlan_qct_tl_ba.o
  CC      drivers/staging/prima/CORE/TL/src/wlan_qct_tl_hosupport.o
  CC      drivers/staging/prima/CORE/TL/src/wlan_qct_tl_trace.o
  CC      drivers/staging/prima/CORE/VOSS/src/vos_api.o
  CC      drivers/staging/prima/CORE/VOSS/src/vos_event.o
  CC      drivers/staging/prima/CORE/VOSS/src/vos_getBin.o
  CC      drivers/staging/prima/CORE/VOSS/src/vos_list.o
  CC      drivers/staging/prima/CORE/VOSS/src/vos_lock.o
  CC      drivers/staging/prima/CORE/VOSS/src/vos_memory.o
  CC      drivers/staging/prima/CORE/VOSS/src/vos_mq.o
  CC      drivers/staging/prima/CORE/VOSS/src/vos_nvitem.o
  CC      drivers/staging/prima/CORE/VOSS/src/vos_packet.o
  CC      drivers/staging/prima/CORE/VOSS/src/vos_sched.o
  CC      drivers/staging/prima/CORE/VOSS/src/vos_threads.o
  CC      drivers/staging/prima/CORE/VOSS/src/vos_timer.o
  CC      drivers/staging/prima/CORE/VOSS/src/vos_trace.o
  CC      drivers/staging/prima/CORE/VOSS/src/vos_types.o
  CC      drivers/staging/prima/CORE/VOSS/src/vos_utils.o
  CC      drivers/staging/prima/CORE/VOSS/src/wlan_nv_parser.o
  CC      drivers/staging/prima/CORE/VOSS/src/wlan_nv_stream_read.o
  CC      drivers/staging/prima/CORE/VOSS/src/wlan_nv_template_builtin.o
  CC      drivers/staging/prima/CORE/VOSS/src/vos_diag.o
  CC      drivers/staging/prima/CORE/WDA/src/wlan_qct_wda.o
  CC      drivers/staging/prima/CORE/WDA/src/wlan_qct_wda_debug.o
  CC      drivers/staging/prima/CORE/WDA/src/wlan_qct_wda_ds.o
  CC      drivers/staging/prima/CORE/WDA/src/wlan_qct_wda_legacy.o
  CC      drivers/staging/prima/CORE/WDA/src/wlan_nv.o
  CC      drivers/staging/prima/CORE/WDI/CP/src/wlan_qct_wdi.o
  CC      drivers/staging/prima/CORE/WDI/CP/src/wlan_qct_wdi_dp.o
  CC      drivers/staging/prima/CORE/WDI/CP/src/wlan_qct_wdi_sta.o
  CC      drivers/staging/prima/CORE/WDI/DP/src/wlan_qct_wdi_bd.o
  CC      drivers/staging/prima/CORE/WDI/DP/src/wlan_qct_wdi_ds.o
  CC      drivers/staging/prima/CORE/WDI/TRP/CTS/src/wlan_qct_wdi_cts.o
  CC      drivers/staging/prima/CORE/WDI/TRP/DTS/src/wlan_qct_wdi_dts.o
  CC      drivers/staging/prima/CORE/WDI/WPAL/src/wlan_qct_pal_api.o
  CC      drivers/staging/prima/CORE/WDI/WPAL/src/wlan_qct_pal_device.o
  CC      drivers/staging/prima/CORE/WDI/WPAL/src/wlan_qct_pal_msg.o
  CC      drivers/staging/prima/CORE/WDI/WPAL/src/wlan_qct_pal_packet.o
  CC      drivers/staging/prima/CORE/WDI/WPAL/src/wlan_qct_pal_sync.o
  CC      drivers/staging/prima/CORE/WDI/WPAL/src/wlan_qct_pal_timer.o
  CC      drivers/staging/prima/CORE/WDI/WPAL/src/wlan_qct_pal_trace.o
  LD      drivers/staging/prima/wlan.o
  LD      drivers/staging/prima/built-in.o
  LD      drivers/staging/built-in.o
  LD      drivers/built-in.o
  LD      vmlinux.o
  MODPOST vmlinux.o
  GEN     .version
  CHK     include/generated/compile.h
  UPD     include/generated/compile.h
  CC      init/version.o
  LD      init/built-in.o
  LD      .tmp_vmlinux1
  KSYM    .tmp_kallsyms1.S
  AS      .tmp_kallsyms1.o
  LD      .tmp_vmlinux2
  KSYM    .tmp_kallsyms2.S
  AS      .tmp_kallsyms2.o
  LD      vmlinux
  SYSMAP  System.map
  SYSMAP  .tmp_System.map
  OBJCOPY arch/arm/boot/Image
  Kernel: arch/arm/boot/Image is ready
  AS      arch/arm/boot/compressed/head.o
  GZIP    arch/arm/boot/compressed/piggy.gzip
  CC      arch/arm/boot/compressed/misc.o
  CC      arch/arm/boot/compressed/decompress.o
  CC      arch/arm/boot/compressed/string.o
  SHIPPED arch/arm/boot/compressed/ashldi3.S
  SHIPPED arch/arm/boot/compressed/lib1funcs.S
  AS      arch/arm/boot/compressed/ashldi3.o
  AS      arch/arm/boot/compressed/lib1funcs.o
  AS      arch/arm/boot/compressed/piggy.gzip.o
  LD      arch/arm/boot/compressed/vmlinux
  OBJCOPY arch/arm/boot/zImage
  Kernel: arch/arm/boot/zImage is ready
