scripts/kconfig/conf --silentoldconfig Kconfig
  CHK     include/linux/version.h
  UPD     include/linux/version.h
  HOSTCC  scripts/dtc/checks.o
  CC      scripts/mod/empty.o
  WRAP    arch/arm/include/generated/asm/auxvec.h
  WRAP    arch/arm/include/generated/asm/bitsperlong.h
  WRAP    arch/arm/include/generated/asm/cputime.h
  WRAP    arch/arm/include/generated/asm/emergency-restart.h
  WRAP    arch/arm/include/generated/asm/errno.h
  WRAP    arch/arm/include/generated/asm/ioctl.h
  WRAP    arch/arm/include/generated/asm/irq_regs.h
  WRAP    arch/arm/include/generated/asm/kdebug.h
  WRAP    arch/arm/include/generated/asm/local.h
  WRAP    arch/arm/include/generated/asm/local64.h
  WRAP    arch/arm/include/generated/asm/percpu.h
  WRAP    arch/arm/include/generated/asm/poll.h
  WRAP    arch/arm/include/generated/asm/resource.h
  WRAP    arch/arm/include/generated/asm/sections.h
  WRAP    arch/arm/include/generated/asm/siginfo.h
  WRAP    arch/arm/include/generated/asm/simd.h
  WRAP    arch/arm/include/generated/asm/sizes.h
  HOSTCC  scripts/mod/mk_elfconfig
  HOSTCC  scripts/selinux/genheaders/genheaders
  MKELF   scripts/mod/elfconfig.h
  HOSTCC  scripts/mod/file2alias.o
  HOSTCC  scripts/dtc/data.o
  HOSTCC  scripts/mod/modpost.o
  HOSTCC  scripts/selinux/mdp/mdp
  SHIPPED scripts/dtc/dtc-lexer.lex.c
  SHIPPED scripts/dtc/dtc-parser.tab.h
  SHIPPED scripts/dtc/dtc-parser.tab.c
  HOSTCC  scripts/dtc/dtc.o
  HOSTCC  scripts/kallsyms
  HOSTCC  scripts/mod/sumversion.o
  HOSTCC  scripts/dtc/flattree.o
  HOSTLD  scripts/mod/modpost
  HOSTCC  scripts/conmakehash
  HOSTCC  scripts/dtc/fstree.o
  HOSTCC  scripts/dtc/livetree.o
  HOSTCC  scripts/bin2c
  HOSTCC  scripts/dtc/srcpos.o
  HOSTCC  scripts/dtc/treesource.o
  HOSTCC  scripts/dtc/util.o
  HOSTCC  scripts/dtc/dtc-lexer.lex.o
  HOSTCC  scripts/dtc/dtc-parser.tab.o
  HOSTLD  scripts/dtc/dtc
  DTC     arch/arm/boot/msm8926-8926ss_ap.dtb
  DTC     arch/arm/boot/msm8226-flamingo_ds.dtb
  DTC     arch/arm/boot/msm8226-flamingo_ss.dtb
  CHK     include/generated/utsrelease.h
  UPD     include/generated/utsrelease.h
  Generating include/generated/mach-types.h
  CC      kernel/bounds.s
  GEN     include/generated/bounds.h
  CC      arch/arm/kernel/asm-offsets.s
  GEN     include/generated/asm-offsets.h
  CALL    scripts/checksyscalls.sh
  CC      init/main.o
  CC      arch/arm/kernel/elf.o
  CC      arch/arm/vfp/vfpmodule.o
  HOSTCC  usr/gen_init_cpio
  AS      arch/arm/kernel/entry-armv.o
  GEN     usr/initramfs_data.cpio
  AS      usr/initramfs_data.o
  AS      arch/arm/kernel/entry-common.o
  LD      usr/built-in.o
  CC      arch/arm/kernel/irq.o
  AS      arch/arm/vfp/entry.o
  CC      arch/arm/kernel/opcodes.o
  AS      arch/arm/vfp/vfphw.o
  CC      arch/arm/vfp/vfpsingle.o
  CC      arch/arm/kernel/process.o
  CC      arch/arm/vfp/vfpdouble.o
  CHK     include/generated/compile.h
  UPD     include/generated/compile.h
  CC      init/do_mounts.o
  LD      arch/arm/vfp/vfp.o
  CC      arch/arm/kernel/ptrace.o
  CC      arch/arm/kernel/return_address.o
  LD      arch/arm/vfp/built-in.o
  CC      init/do_mounts_rd.o
  CC      init/do_mounts_initrd.o
  CC      arch/arm/kernel/sched_clock.o
  CC      arch/arm/kernel/setup.o
  CC      arch/arm/mm/dma-mapping.o
  CC      arch/arm/mm/extable.o
  CC      arch/arm/kernel/signal.o
  CC      arch/arm/kernel/stacktrace.o
  CC      arch/arm/mm/fault.o
  CC      arch/arm/mm/init.o
  CC      arch/arm/kernel/sys_arm.o
  CC      arch/arm/common/gic.o
  CC      arch/arm/mm/iomap.o
  CC      arch/arm/kernel/time.o
  CC      init/initramfs.o
  CC      arch/arm/common/cpaccess.o
  CC      arch/arm/kernel/traps.o
  CC      arch/arm/mm/fault-armv.o
  CC      init/calibrate.o
  LD      arch/arm/common/built-in.o
  LD      arch/arm/net/built-in.o
  CC      init/version.o
  AS      arch/arm/crypto/aesbs-core.o
  CC      arch/arm/mm/flush.o
  CC      arch/arm/crypto/aesbs-glue.o
  CC      arch/arm/kernel/cpuidle.o
  AS      arch/arm/kernel/sleep.o
  CC      arch/arm/kernel/suspend.o
  CC      arch/arm/mm/idmap.o
  LD      init/mounts.o
  LD      init/built-in.o
  AS      arch/arm/crypto/aes-armv4.o
  CC      arch/arm/mm/ioremap.o
  CC      arch/arm/crypto/aes_glue.o
  CC      arch/arm/mach-msm/io.o
  CC      arch/arm/kernel/smp.o
  AS      arch/arm/crypto/sha1-armv7-neon.o
  CC      arch/arm/mm/mmap.o
  CC      arch/arm/crypto/sha1_neon_glue.o
  CC      arch/arm/mm/pgd.o
  CC      arch/arm/kernel/smp_tlb.o
  CC      arch/arm/mm/mmu.o
  AS      arch/arm/crypto/sha1-armv4-large.o
  CC      arch/arm/crypto/sha1_glue.o
  CC      arch/arm/kernel/smp_scu.o
  CC      arch/arm/mm/vmregion.o
  CC      arch/arm/kernel/arch_timer.o
  CC      arch/arm/mach-msm/dma.o
  AS      arch/arm/crypto/sha512-armv7-neon.o
  CC      arch/arm/crypto/sha512_neon_glue.o
  CC      arch/arm/kernel/machine_kexec.o
  CC      arch/arm/mm/alignment.o
  LD      arch/arm/crypto/aes-arm.o
  LD      arch/arm/crypto/aes-arm-bs.o
  LD      arch/arm/crypto/sha1-arm.o
  LD      arch/arm/crypto/sha1-arm-neon.o
  LD      arch/arm/crypto/sha512-arm-neon.o
  LD      arch/arm/crypto/built-in.o
  CC      arch/arm/mach-msm/memory.o
  CC      arch/arm/mm/highmem.o
  CC      arch/arm/hotplug/intelli_plug.o
  AS      arch/arm/kernel/relocate_kernel.o
  CC      arch/arm/kernel/atags.o
  CC      arch/arm/mach-msm/clock.o
  AS      arch/arm/mm/abort-ev7.o
  LD      arch/arm/hotplug/built-in.o
  AS      arch/arm/mm/pabort-v7.o
  CC      arch/arm/perfmon/perf-function-hooks.o
  AS      arch/arm/mm/cache-v7.o
  CC      arch/arm/kernel/unwind.o
  CC      arch/arm/mm/copypage-v6.o
  LD      arch/arm/perfmon/built-in.o
  CC      arch/arm/mm/context.o
  CC      arch/arm/mach-msm/clock-voter.o
  CC      arch/arm/mach-msm/clock-dummy.o
  AS      arch/arm/mm/tlb-v7.o
  AS      arch/arm/mm/proc-v7.o
  CC      arch/arm/kernel/devtree.o
  LD      arch/arm/mm/built-in.o
  CC      arch/arm/kernel/swp_emulate.o
  CC      kernel/fork.o
  CC      arch/arm/mach-msm/clock-generic.o
  CC      arch/arm/mach-msm/modem_notifier.o
  CC      arch/arm/mach-msm/board-dt.o
  CC      arch/arm/kernel/hw_breakpoint.o
  CC      arch/arm/kernel/pmu.o
  CC      mm/filemap.o
  CC      arch/arm/mach-msm/nohlt.o
  CC      arch/arm/kernel/perf_event.o
  CC      arch/arm/mach-msm/clock-debug.o
  CC      mm/mempool.o
  CC      arch/arm/kernel/topology.o
  CC      kernel/exec_domain.o
  CC      mm/oom_kill.o
  CC      arch/arm/mach-msm/msm_kexec.o
  CC      arch/arm/kernel/io.o
  CC      kernel/panic.o
  CC      arch/arm/mach-msm/acpuclock.o
  AS      arch/arm/kernel/head.o
  CC      arch/arm/mach-msm/clock-a7.o
  CC      mm/fadvise.o
  CC      arch/arm/kernel/init_task.o
  CC      kernel/printk.o
  CC      mm/maccess.o
  CC      arch/arm/mach-msm/perf_trace_counters.o
  CC      mm/page_alloc.o
  LDS     arch/arm/kernel/vmlinux.lds
  CC      arch/arm/mach-msm/perf_debug.o
  CC      kernel/cpu.o
  LD      arch/arm/kernel/built-in.o
  CC      kernel/exit.o
  CC      mm/page-writeback.o
  AS      arch/arm/mach-msm/headsmp.o
  CC      arch/arm/mach-msm/platsmp.o
  CC      kernel/itimer.o
  TIMEC   kernel/timeconst.h
  CC      mm/readahead.o
  CC      arch/arm/mach-msm/hotplug.o
  CC      mm/swap.o
  AS      arch/arm/mach-msm/idle-v7.o
  CC      fs/open.o
  CC      mm/truncate.o
  CC      arch/arm/mach-msm/smd.o
  CC      mm/vmscan.o
  CC      fs/read_write.o
  CC      fs/file_table.o
  CC      mm/shmem.o
  CC      kernel/softirq.o
  CC      arch/arm/mach-msm/smd_debug.o
  CC      mm/prio_tree.o
  CC      fs/super.o
  CC      arch/arm/mach-msm/remote_spinlock.o
  CC      fs/char_dev.o
  CC      mm/util.o
  CC      kernel/resource.o
  CC      arch/arm/mach-msm/smd_private.o
  CC      fs/stat.o
  CC      mm/mmzone.o
  CC      arch/arm/mach-msm/smem.o
  CC      fs/exec.o
  CC      kernel/sysctl.o
  CC      mm/vmstat.o
  CC      arch/arm/mach-msm/smd_init_dt.o
  CC      arch/arm/mach-msm/smd_init_plat.o
  CC      fs/pipe.o
  CC      kernel/sysctl_binary.o
  CC      mm/backing-dev.o
  CC      mm/page_isolation.o
  CC      arch/arm/mach-msm/smp2p.o
  CC      fs/namei.o
  CC      mm/mm_init.o
  CC      mm/mmu_context.o
  CC      arch/arm/mach-msm/smp2p_debug.o
  CC      fs/fcntl.o
  CC      mm/percpu.o
  CC      arch/arm/mach-msm/smp2p_gpio.o
  CC      arch/arm/mach-msm/smp2p_loopback.o
  CC      kernel/capability.o
  CC      arch/arm/mach-msm/smp2p_test.o
  CC      fs/ioctl.o
  CC      mm/compaction.o
  CC      kernel/ptrace.o
  CC      fs/readdir.o
  CC      fs/select.o
  CC      mm/fremap.o
  CC      arch/arm/mach-msm/smp2p_gpio_test.o
  CC      mm/highmem.o
  CC      kernel/timer.o
  CC      arch/arm/mach-msm/smp2p_spinlock_test.o
  CC      fs/fifo.o
  CC      arch/arm/mach-msm/scm.o
  CC      mm/madvise.o
  CC      mm/memory.o
  CC      kernel/user.o
  CC      fs/dcache.o
  CC      arch/arm/mach-msm/scm-boot.o
  CC      arch/arm/mach-msm/scm-mpu.o
  CC      fs/inode.o
  CC      mm/mincore.o
  CC      kernel/signal.o
  CC      mm/mlock.o
  CC      fs/attr.o
  CC      arch/arm/mach-msm/peripheral-loader.o
  CC      mm/mmap.o
  CC      kernel/sys.o
  CC      arch/arm/mach-msm/scm-pas.o
  CC      kernel/kmod.o
  CC      fs/bad_inode.o
  CC      arch/arm/mach-msm/pil-q6v5.o
  CC      kernel/workqueue.o
  CC      mm/mprotect.o
  CC      fs/file.o
  CC      mm/mremap.o
  CC      kernel/pid.o
  CC      arch/arm/mach-msm/pil-q6v5-lpass.o
  CC      arch/arm/mach-msm/pil-msa.o
  CC      kernel/rcupdate.o
  CC      fs/filesystems.o
  CC      mm/msync.o
  CC      arch/arm/mach-msm/pil-q6v5-mss.o
  CC      fs/namespace.o
  CC      mm/rmap.o
  CC      arch/arm/mach-msm/pil-pronto.o
  CC      kernel/extable.o
  CC      fs/seq_file.o
  CC      kernel/params.o
  CC      mm/vmalloc.o
  CC      fs/xattr.o
  CC      arch/arm/mach-msm/pil-venus.o
  CC      kernel/posix-timers.o
  CC      fs/libfs.o
  CC      arch/arm/mach-msm/bam_dmux.o
  CC      mm/pagewalk.o
  CC      kernel/kthread.o
  CC      mm/pgtable-generic.o
  CC      fs/fs-writeback.o
  CC      kernel/wait.o
  CC      arch/arm/mach-msm/smem_log.o
  CC      mm/process_vm_access.o
  CC      mm/init-mm.o
  CC      fs/pnode.o
  CC      kernel/kfifo.o
  CC      arch/arm/mach-msm/ipc_logging.o
  CC      mm/bootmem.o
  CC      fs/drop_caches.o
  CC      kernel/sys_ni.o
  CC      mm/memblock.o
  CC      fs/splice.o
  CC      arch/arm/mach-msm/ipc_logging_debug.o
  CC      kernel/posix-cpu-timers.o
  CC      kernel/mutex.o
  CC      mm/bounce.o
  CC      arch/arm/mach-msm/socinfo.o
  CC      fs/sync.o
  CC      fs/utimes.o
  CC      mm/page_io.o
  CC      kernel/hrtimer.o
  CC      arch/arm/mach-msm/smd_tty.o
  CC      mm/swap_state.o
  CC      fs/stack.o
  CC      kernel/rwsem.o
  CC      fs/fs_struct.o
  CC      kernel/nsproxy.o
  CC      arch/arm/mach-msm/smd_qmi.o
  CC      mm/swapfile.o
  CC      kernel/srcu.o
  CC      fs/statfs.o
  CC      kernel/semaphore.o
  CC      mm/dmapool.o
  CC      arch/arm/mach-msm/smd_pkt.o
  CC      fs/buffer.o
  CC      arch/arm/mach-msm/smd_nmea.o
  CC      mm/slub.o
  CC      kernel/notifier.o
  CC      fs/bio.o
  CC      kernel/ksysfs.o
  CC      arch/arm/mach-msm/reset_modem.o
  CC      mm/migrate.o
  CC      arch/arm/mach-msm/ipc_router_smd_xprt.o
  CC      fs/block_dev.o
  CC      kernel/cred.o
  CC      arch/arm/mach-msm/ipc_router.o
  LD      mm/built-in.o
  CC      fs/direct-io.o
  CC      fs/mpage.o
  CC      kernel/async.o
  CC      arch/arm/mach-msm/ipc_socket.o
  CC      fs/ioprio.o
  CC      arch/arm/mach-msm/msm_qmi_interface.o
  CC      ipc/util.o
  CC      kernel/range.o
  CC      kernel/groups.o
  CC      fs/proc_namespace.o
  CC      arch/arm/mach-msm/smd_rpc_sym.o
  CC      ipc/msgutil.o
  CC      kernel/events/core.o
  CC      arch/arm/mach-msm/msm_bus/msm_bus_core.o
  CC      fs/debugfs/inode.o
  CC      ipc/msg.o
  CC      arch/arm/mach-msm/msm_bus/msm_bus_fabric.o
  CC      ipc/sem.o
  CC      kernel/events/ring_buffer.o
  CC      fs/debugfs/file.o
  CC      ipc/shm.o
  CC      kernel/events/callchain.o
  CC      arch/arm/mach-msm/msm_bus/msm_bus_config.o
  LD      fs/debugfs/debugfs.o
  LD      fs/debugfs/built-in.o
  CC      fs/devpts/inode.o
  CC      kernel/events/hw_breakpoint.o
  LD      kernel/events/built-in.o
  CC      kernel/irq/irqdesc.o
  LD      fs/devpts/devpts.o
  LD      fs/devpts/built-in.o
  CC      ipc/ipcns_notifier.o
  CC      arch/arm/mach-msm/msm_bus/msm_bus_arb.o
  LD      fs/exofs/built-in.o
  CC      fs/ext2/balloc.o
  CC      ipc/syscall.o
  CC      arch/arm/mach-msm/msm_bus/msm_bus_bimc.o
  CC      fs/ext2/dir.o
  CC      kernel/irq/handle.o
  CC      ipc/ipc_sysctl.o
  CC      fs/ext2/file.o
  LD      ipc/built-in.o
  CC      fs/ext2/ialloc.o
  CC      kernel/irq/manage.o
  CC      arch/arm/mach-msm/msm_bus/msm_bus_noc.o
  CC      arch/arm/mach-msm/msm_bus/msm_bus_of.o
  CC      fs/ext2/inode.o
  CC      kernel/irq/spurious.o
  CC      fs/ext2/ioctl.o
  CC      arch/arm/mach-msm/msm_bus/msm_bus_rpm_smd.o
  CC      kernel/irq/resend.o
  CC      kernel/irq/chip.o
  CC      fs/ext2/namei.o
  CC      arch/arm/mach-msm/msm_bus/msm_bus_id.o
  CC      arch/arm/mach-msm/msm_bus/msm_bus_dbg.o
  CC      fs/ext2/super.o
  CC      kernel/irq/dummychip.o
  LD      arch/arm/mach-msm/msm_bus/built-in.o
  CC      kernel/irq/devres.o
  CC      fs/ext2/symlink.o
  CC      security/keys/gc.o
  CC      arch/arm/mach-msm/qdsp6v2/apr.o
  CC      fs/ext2/xattr.o
  CC      kernel/irq/autoprobe.o
  CC      fs/ext2/xattr_user.o
  CC      security/keys/key.o
  CC      fs/ext2/xattr_trusted.o
  CC      arch/arm/mach-msm/qdsp6v2/apr_v2.o
  CC      kernel/irq/irqdomain.o
  CC      security/keys/keyring.o
  CC      arch/arm/mach-msm/qdsp6v2/apr_tal.o
  CC      kernel/irq/proc.o
  LD      fs/ext2/ext2.o
  LD      fs/ext2/built-in.o
  CC      security/keys/keyctl.o
  CC      fs/ext3/balloc.o
  CC      arch/arm/mach-msm/qdsp6v2/dsp_debug.o
  CC      kernel/irq/pm.o
  CC      security/keys/permission.o
  LD      kernel/irq/built-in.o
  CC      arch/arm/mach-msm/qdsp6v2/voice_svc.o
  CC      kernel/power/qos.o
  CC      security/keys/process_keys.o
  CC      fs/ext3/bitmap.o
  CC      arch/arm/mach-msm/qdsp6v2/aac_in.o
  CC      kernel/power/main.o
  CC      security/keys/request_key.o
  CC      security/keys/request_key_auth.o
  CC      fs/ext3/dir.o
  CC      kernel/power/console.o
  CC      security/keys/user_defined.o
  CC      arch/arm/mach-msm/qdsp6v2/qcelp_in.o
  CC      kernel/power/process.o
  CC      fs/ext3/file.o
  CC      security/keys/proc.o
  CC      arch/arm/mach-msm/qdsp6v2/evrc_in.o
  CC      fs/ext3/fsync.o
  CC      security/keys/sysctl.o
  CC      kernel/power/suspend.o
  CC      arch/arm/mach-msm/qdsp6v2/amrnb_in.o
  LD      security/keys/built-in.o
  GEN     security/selinux/flask.h security/selinux/av_permissions.h
  CC      fs/ext3/ialloc.o
  CC      security/selinux/avc.o
  CC      kernel/power/powersuspend.o
  CC      arch/arm/mach-msm/qdsp6v2/audio_utils.o
  CC      fs/ext3/inode.o
  CC      kernel/power/autosleep.o
  CC      fs/ext3/ioctl.o
  CC      kernel/power/wakelock.o
  CC      fs/ext3/namei.o
  CC      arch/arm/mach-msm/qdsp6v2/audio_wma.o
  CC      security/selinux/hooks.o
  CC      kernel/power/poweroff.o
  LD      kernel/power/built-in.o
  CC      arch/arm/mach-msm/qdsp6v2/audio_wmapro.o
  CC      kernel/sched/core.o
  CC      fs/ext3/super.o
  CC      arch/arm/mach-msm/qdsp6v2/audio_aac.o
  CC      fs/ext3/symlink.o
  CC      arch/arm/mach-msm/qdsp6v2/audio_multi_aac.o
  CC      arch/arm/mach-msm/qdsp6v2/audio_utils_aio.o
  CC      kernel/sched/clock.o
  CC      fs/ext3/hash.o
  CC      kernel/sched/idle_task.o
  CC      kernel/sched/fair.o
  CC      fs/ext3/resize.o
  CC      security/selinux/selinuxfs.o
  CC      arch/arm/mach-msm/qdsp6v2/q6audio_v2.o
  CC      security/selinux/netlink.o
  CC      kernel/sched/rt.o
  CC      arch/arm/mach-msm/qdsp6v2/q6audio_v2_aio.o
  CC      fs/ext3/ext3_jbd.o
  CC      arch/arm/mach-msm/qdsp6v2/msm_audio_ion.o
  CC      kernel/sched/stop_task.o
  CC      arch/arm/mach-msm/qdsp6v2/audio_mp3.o
  CC      security/selinux/nlmsgtab.o
  CC      fs/ext3/xattr.o
  CC      kernel/sched/sched_avg.o
  CC      arch/arm/mach-msm/qdsp6v2/audio_amrnb.o
  CC      fs/ext3/xattr_user.o
  CC      security/selinux/netif.o
  CC      security/selinux/netnode.o
  CC      fs/ext3/xattr_trusted.o
  CC      arch/arm/mach-msm/qdsp6v2/audio_amrwb.o
  CC      kernel/sched/cpupri.o
  CC      arch/arm/mach-msm/qdsp6v2/audio_amrwbplus.o
  CC      security/selinux/netport.o
  LD      fs/ext3/ext3.o
  LD      fs/ext3/built-in.o
  CC      fs/ext4/balloc.o
  CC      kernel/sched/stats.o
  CC      security/selinux/exports.o
  CC      arch/arm/mach-msm/qdsp6v2/audio_evrc.o
  CC      kernel/sched/debug.o
  CC      arch/arm/mach-msm/qdsp6v2/audio_qcelp.o
  CC      security/selinux/ss/ebitmap.o
  LD      kernel/sched/built-in.o
  CC      kernel/time/timekeeping.o
  CC      arch/arm/mach-msm/qdsp6v2/amrwb_in.o
  CC      fs/ext4/bitmap.o
  CC      kernel/time/ntp.o
  CC      security/selinux/ss/hashtab.o
  CC      fs/ext4/dir.o
  CC      security/selinux/ss/symtab.o
  CC      arch/arm/mach-msm/qdsp6v2/adsp-loader.o
  CC      kernel/time/clocksource.o
  CC      fs/ext4/file.o
  CC      security/selinux/ss/sidtab.o
  CC      kernel/time/jiffies.o
  LD      arch/arm/mach-msm/qdsp6v2/built-in.o
  CC      arch/arm/mach-msm/pm-boot.o
  CC      kernel/time/timer_list.o
  CC      arch/arm/mach-msm/pm-stats.o
  CC      fs/ext4/fsync.o
  CC      security/selinux/ss/avtab.o
  CC      kernel/time/timecompare.o
  CC      arch/arm/mach-msm/spm-v2.o
  CC      fs/ext4/ialloc.o
  CC      arch/arm/mach-msm/spm_devices.o
  CC      arch/arm/mach-msm/dma_test.o
  CC      kernel/time/timeconv.o
  CC      security/selinux/ss/policydb.o
  CC      kernel/time/posix-clock.o
  CC      security/selinux/ss/services.o
  CC      fs/ext4/inode.o
  CC      kernel/time/alarmtimer.o
  CC      arch/arm/mach-msm/keypad-surf-ffa.o
  CC      fs/ext4/page-io.o
  CC      kernel/time/clockevents.o
  CC      kernel/time/tick-common.o
  CC      security/selinux/ss/conditional.o
  CC      arch/arm/mach-msm/boot_stats.o
  CC      kernel/time/tick-broadcast.o
  CC      fs/ext4/ioctl.o
  CC      kernel/time/tick-oneshot.o
  CC      arch/arm/mach-msm/rpm-regulator-smd.o
  CC      security/selinux/ss/mls.o
  CC      fs/ext4/namei.o
  CC      kernel/time/tick-sched.o
  CC      arch/arm/mach-msm/spm-regulator.o
  CC      kernel/time/timer_stats.o
  CC      security/selinux/ss/status.o
  CC      fs/ext4/super.o
  CC      arch/arm/mach-msm/subsystem_notif.o
  LD      security/selinux/selinux.o
  LD      kernel/time/built-in.o
  CC      fs/ext4/symlink.o
  LD      security/selinux/built-in.o
  CC      arch/arm/mach-msm/subsystem_restart.o
  CC      kernel/trace/trace_clock.o
  CC      security/commoncap.o
  CC      arch/arm/mach-msm/ramdump.o
  CC      security/min_addr.o
  CC      fs/ext4/hash.o
  CC      security/security.o
  CC      kernel/trace/ring_buffer.o
  CC      arch/arm/mach-msm/sysmon.o
  CC      kernel/trace/trace.o
  CC      security/capability.o
  CC      fs/ext4/resize.o
  CC      security/lsm_audit.o
  CC      arch/arm/mach-msm/msm_watchdog_v2.o
  CC      kernel/trace/trace_output.o
  CC      arch/arm/mach-msm/msm_memory_dump.o
  LD      security/built-in.o
  CC      fs/ext4/extents.o
  CC      fs/ext4/ext4_jbd2.o
  CC      arch/arm/mach-msm/bms-batterydata.o
  CC      kernel/trace/trace_stat.o
  CC      kernel/trace/trace_printk.o
  CC      fs/ext4/migrate.o
  CC      arch/arm/mach-msm/bms-batterydata-desay.o
  CC      fs/ext4/mballoc.o
  CC      kernel/trace/trace_sched_switch.o
  CC      arch/arm/mach-msm/batterydata-lib.o
  CC      kernel/freezer.o
  CC      kernel/trace/trace_nop.o
  CC      fs/ext4/block_validity.o
  CC      arch/arm/mach-msm/bms-batterydata-oem.o
  CC      kernel/trace/blktrace.o
  CC      kernel/trace/trace_events.o
  CC      arch/arm/mach-msm/bms-batterydata-qrd-4v35-2000mah.o
  CC      arch/arm/mach-msm/bms-batterydata-qrd-4v2-1300mah.o
  CC      fs/ext4/move_extent.o
  CC      fs/ext4/mmp.o
  CC      kernel/trace/trace_export.o
  CC      arch/arm/mach-msm/gdsc.o
  CC      kernel/trace/trace_event_perf.o
  CC      kernel/trace/trace_events_filter.o
  CC      fs/ext4/indirect.o
  CC      arch/arm/mach-msm/board-8226.o
  CC      arch/arm/mach-msm/board-8226-gpiomux.o
  CC      fs/ext4/xattr.o
  CC      fs/ext4/xattr_user.o
  CC      kernel/trace/power-traces.o
  CC      fs/ext4/xattr_trusted.o
  CC      fs/ext4/xattr_security.o
  CC      kernel/profile.o
  CC      kernel/trace/rpm-traces.o
  CC      kernel/stacktrace.o
  LD      fs/ext4/ext4.o
  CC      arch/arm/mach-msm/clock-local2.o
  LD      fs/ext4/built-in.o
  CC      fs/fat/cache.o
  CC      fs/f2fs/dir.o
  LD      kernel/trace/built-in.o
  CC      kernel/futex.o
  CC      arch/arm/mach-msm/clock-pll.o
  CC      fs/fat/dir.o
  CC      fs/f2fs/file.o
  CC      arch/arm/mach-msm/clock-8226.o
  CC      fs/fat/fatent.o
  CC      kernel/rtmutex.o
  CC      fs/f2fs/inode.o
  CC      fs/fat/file.o
  CC      arch/arm/mach-msm/clock-rpm.o
  CC      fs/f2fs/namei.o
  CC      kernel/smp.o
  CC      fs/f2fs/hash.o
  CC      arch/arm/mach-msm/clock-mdss-8974.o
  CC      fs/fat/inode.o
  CC      fs/f2fs/super.o
  CC      kernel/spinlock.o
  CC      fs/fat/misc.o
  CC      arch/arm/mach-msm/acpuclock-8226.o
  CC      fs/f2fs/inline.o
  CC      fs/fat/namei_vfat.o
  CC      kernel/uid16.o
  LD      fs/fat/fat.o
  LD      fs/fat/vfat.o
  LD      fs/fat/built-in.o
  CC      arch/arm/mach-msm/acpuclock-cortex.o
  CC      arch/arm/mach-msm/msm-pm.o
  CC      kernel/kallsyms.o
  CC      fs/f2fs/checkpoint.o
  CC      fs/f2fs/gc.o
  CC      kernel/kexec.o
  CC      kernel/cgroup.o
  CC      arch/arm/mach-msm/pm-data.o
  CC      fs/f2fs/data.o
  CC      arch/arm/mach-msm/ext-buck-control.o
  CC      fs/f2fs/node.o
  CC      fs/f2fs/segment.o
  CC      arch/arm/mach-msm/board-sony_yukon-nfc.o
  CC      kernel/cgroup_freezer.o
  GZIP    kernel/config_data.gz
  CC      fs/f2fs/recovery.o
  CC      arch/arm/mach-msm/rpm-smd.o
  CC      arch/arm/mach-msm/lpm_levels.o
  CC      kernel/res_counter.o
  CC      fs/f2fs/shrinker.o
  CC      fs/f2fs/extent_cache.o
  CC      arch/arm/mach-msm/mpm-of.o
  CC      arch/arm/mach-msm/rpm_stats.o
  CC      kernel/stop_machine.o
  CC      kernel/audit.o
  CC      arch/arm/mach-msm/rpm_master_stat.o
  CC      fs/f2fs/debug.o
  CC      fs/f2fs/xattr.o
  CC      arch/arm/mach-msm/rpm_rbcpr_stats_v2.o
  CC      arch/arm/mach-msm/rpm_log.o
  CC      kernel/auditfilter.o
  CC      kernel/auditsc.o
  CC      arch/arm/mach-msm/tz_log.o
  LD      fs/f2fs/f2fs.o
  LD      fs/f2fs/built-in.o
  CC      kernel/audit_watch.o
  CC      fs/fuse/dev.o
  CC      fs/fuse/dir.o
  CC      arch/arm/mach-msm/msm-buspm-dev.o
  CC      fs/fuse/file.o
  CC      kernel/audit_tree.o
  CC      arch/arm/mach-msm/iommu_domains.o
  CC      fs/jbd/transaction.o
  CC      fs/fuse/inode.o
  CC      arch/arm/mach-msm/ocmem.o
  CC      fs/jbd/commit.o
  CC      fs/fuse/control.o
  CC      arch/arm/mach-msm/ocmem_allocator.o
  CC      kernel/rcutree.o
  CC      fs/jbd/recovery.o
  CC      arch/arm/mach-msm/ocmem_notifier.o
  LD      fs/fuse/fuse.o
  LD      fs/fuse/built-in.o
  CC      arch/arm/mach-msm/ocmem_sched.o
  CC      fs/jbd/checkpoint.o
  CC      fs/jbd/revoke.o
  CC      arch/arm/mach-msm/ocmem_api.o
  CC      kernel/relay.o
  CC      kernel/utsname_sysctl.o
  CC      kernel/tracepoint.o
  CC      fs/jbd/journal.o
  CC      kernel/elfcore.o
  CC      arch/arm/mach-msm/ocmem_rdm.o
  CC      kernel/irq_work.o
  CC      kernel/cpu_pm.o
  CC      arch/arm/mach-msm/ocmem_core.o
  LD      fs/jbd/jbd.o
  LD      fs/jbd/built-in.o
  CC      fs/jbd2/transaction.o
  CC      fs/nls/nls_base.o
  CC      kernel/time.o
  CC      arch/arm/mach-msm/sensors_adsp.o
  CC      fs/nls/nls_cp437.o
  CHK     kernel/config_data.h
  UPD     kernel/config_data.h
  CC      kernel/configs.o
  CC      fs/jbd2/commit.o
  LD      kernel/built-in.o
  CC      arch/arm/mach-msm/gpiomux-v2.o
  CC      fs/nls/nls_ascii.o
  CC      fs/nls/nls_iso8859-1.o
  CC      fs/jbd2/recovery.o
  LD      fs/nls/built-in.o
  CC      arch/arm/mach-msm/gpiomux.o
  CC      arch/arm/mach-msm/msm_rq_stats.o
  CC      arch/arm/mach-msm/msm_show_resume_irq.o
  CC      fs/jbd2/checkpoint.o
  CC      fs/jbd2/revoke.o
  CC      fs/jbd2/journal.o
  CC      arch/arm/mach-msm/restart.o
  CC      arch/arm/mach-msm/msm_rtb.o
  CC      arch/arm/mach-msm/wdog_debug.o
  CC      arch/arm/mach-msm/msm_mem_hole.o
  CC      arch/arm/mach-msm/smcmod.o
  CC      arch/arm/mach-msm/cpr-regulator.o
  LD      fs/jbd2/jbd2.o
  LD      fs/jbd2/built-in.o
  CC      arch/arm/mach-msm/cpufreq.o
  CC      arch/arm/mach-msm/devfreq_cpubw.o
  CC      fs/notify/fsnotify.o
  CC      fs/notify/notification.o
  CC      block/elevator.o
  CC      arch/arm/mach-msm/msm_limiter.o
  CC      fs/notify/group.o
  LD      arch/arm/mach-msm/built-in.o
  CC      crypto/api.o
  CC      block/blk-core.o
  CC      block/blk-tag.o
  CC      fs/notify/inode_mark.o
  CC      crypto/cipher.o
  CC      fs/proc/mmu.o
  CC      block/blk-sysfs.o
  CC      fs/notify/mark.o
  CC      fs/proc/task_mmu.o
  CC      crypto/compress.o
  CC      block/blk-flush.o
  CC      fs/notify/vfsmount_mark.o
  CC      fs/proc/inode.o
  CC      crypto/memneq.o
  CC      fs/notify/dnotify/dnotify.o
  CC      fs/proc/root.o
  CC      crypto/algapi.o
  CC      block/blk-settings.o
  LD      fs/notify/dnotify/built-in.o
  LD      fs/notify/fanotify/built-in.o
  CC      fs/notify/inotify/inotify_fsnotify.o
  CC      fs/notify/inotify/inotify_user.o
  CC      crypto/scatterwalk.o
  CC      fs/proc/base.o
  CC      block/blk-ioc.o
  CC      block/blk-map.o
  CC      crypto/proc.o
  LD      fs/notify/inotify/built-in.o
  LD      fs/notify/built-in.o
  CC      crypto/ablkcipher.o
  CC      block/blk-exec.o
  CC      fs/proc/generic.o
  CC      fs/proc/array.o
  CC      crypto/blkcipher.o
  CC      block/blk-merge.o
  LD      fs/quota/built-in.o
  LD      drivers/auxdisplay/built-in.o
  CC      drivers/base/core.o
  CC      fs/proc/proc_tty.o
  CC      crypto/ahash.o
  CC      block/blk-softirq.o
  CC      fs/proc/cmdline.o
  CC      drivers/base/bus.o
  CC      crypto/shash.o
  CC      block/blk-timeout.o
  CC      fs/proc/consoles.o
  CC      fs/proc/cpuinfo.o
  CC      crypto/algboss.o
  CC      fs/proc/devices.o
  CC      block/blk-iopoll.o
  CC      drivers/base/dd.o
  CC      fs/proc/interrupts.o
  CC      crypto/testmgr.o
  CC      block/blk-lib.o
  CC      drivers/base/syscore.o
  CC      fs/proc/loadavg.o
  CC      drivers/base/driver.o
  CC      crypto/crypto_wq.o
  CC      block/ioctl.o
  CC      drivers/base/class.o
  CC      fs/proc/meminfo.o
  LD      crypto/crypto_algapi.o
  CC      crypto/aead.o
  CC      drivers/base/platform.o
  LD      crypto/crypto_blkcipher.o
  CC      crypto/chainiv.o
  CC      fs/proc/stat.o
  CC      block/genhd.o
  CC      crypto/eseqiv.o
  CC      drivers/base/cpu.o
  CC      fs/proc/uptime.o
  LD      crypto/crypto_hash.o
  CC      crypto/pcompress.o
  CC      block/scsi_ioctl.o
  CC      fs/proc/version.o
  CC      fs/proc/softirqs.o
  CC      drivers/base/firmware.o
  CC      block/partition-generic.o
  LD      crypto/cryptomgr.o
  CC      crypto/hmac.o
  CC      fs/proc/namespaces.o
  CC      drivers/base/init.o
  CC      crypto/xcbc.o
  CC      fs/proc/proc_sysctl.o
  CC      block/partitions/check.o
  CC      drivers/base/map.o
  CC      crypto/crypto_null.o
  CC      block/partitions/msdos.o
  CC      drivers/base/devres.o
  CC      fs/proc/proc_net.o
  CC      block/partitions/efi.o
  CC      crypto/md4.o
  LD      block/partitions/built-in.o
  CC      block/bsg.o
  CC      fs/proc/proc_devtree.o
  CC      drivers/base/attribute_container.o
  CC      crypto/md5.o
  CC      drivers/base/transport_class.o
  CC      crypto/sha1_generic.o
  CC      crypto/sha256_generic.o
  CC      fs/proc/kmsg.o
  CC      crypto/sha512_generic.o
  CC      block/fifo-iosched.o
  CC      fs/proc/page.o
  CC      crypto/ecb.o
  CC      drivers/base/topology.o
  CC      block/maple-iosched.o
  CC      crypto/cbc.o
  CC      drivers/base/sys.o
  CC      crypto/cryptd.o
  LD      fs/proc/proc.o
  LD      fs/proc/built-in.o
  CC      drivers/base/dma-contiguous.o
  CC      fs/ramfs/inode.o
  CC      crypto/des_generic.o
  CC      fs/ramfs/file-mmu.o
  CC      drivers/base/power/sysfs.o
scripts/Makefile.build:307: recipe for target 'block/maple-iosched.o' failed
Makefile:950: recipe for target 'block' failed
  CC      drivers/base/power/generic_ops.o
  LD      fs/ramfs/ramfs.o
  LD      fs/ramfs/built-in.o
  CC      fs/eventpoll.o
  CC      fs/sysfs/inode.o
  CC      fs/sysfs/file.o
  CC      crypto/twofish_generic.o
  CC      fs/sysfs/dir.o
  CC      drivers/base/power/common.o
  CC      crypto/twofish_common.o
  CC      drivers/base/power/qos.o
  CC      drivers/base/power/main.o
  CC      fs/sysfs/symlink.o
  CC      crypto/aes_generic.o
  CC      fs/sysfs/mount.o
  CC      fs/anon_inodes.o
  CC      drivers/base/power/wakeup.o
  CC      fs/sysfs/bin.o
  CC      crypto/arc4.o
  CC      drivers/base/power/runtime.o
  CC      fs/sysfs/group.o
  CC      fs/signalfd.o
  CC      drivers/base/power/clock_ops.o
  CC      crypto/deflate.o
  LD      drivers/base/power/built-in.o
  CC      drivers/base/regmap/regmap.o
  CC      drivers/base/regmap/regcache.o
  CC      crypto/crc32c.o
  LD      fs/sysfs/built-in.o
  CC      fs/timerfd.o
  CC      crypto/authenc.o
  CC      drivers/base/dma-mapping.o
  CC      drivers/base/regmap/regcache-rbtree.o
  CC      fs/eventfd.o
  CC      fs/aio.o
  CC      crypto/authencesn.o
  CC      fs/locks.o
  CC      drivers/base/regmap/regcache-lzo.o
  CC      crypto/rng.o
  CC      fs/binfmt_script.o
  CC      drivers/base/regmap/regmap-debugfs.o
  CC      drivers/base/regmap/regmap-i2c.o
  CC      drivers/base/regmap/regmap-spi.o
  CC      fs/binfmt_elf.o
  CC      fs/mbcache.o
  LD      drivers/base/regmap/built-in.o
  CC      drivers/base/dma-coherent.o
  CC      crypto/krng.o
  CC      drivers/base/dma-buf.o
scripts/Makefile.build:307: recipe for target 'drivers/base/dma-buf.o' failed
scripts/Makefile.build:307: recipe for target 'drivers/base/dma-coherent.o' failed
scripts/Makefile.build:443: recipe for target 'drivers/base' failed
Makefile:950: recipe for target 'drivers' failed
scripts/Makefile.build:307: recipe for target 'fs/binfmt_elf.o' failed
Makefile:950: recipe for target 'fs' failed
scripts/Makefile.build:307: recipe for target 'crypto/krng.o' failed
Makefile:950: recipe for target 'crypto' failed
